Copyright 1986-2020 Xilinx, Inc. All Rights Reserved.
------------------------------------------------------------------------------------
| Tool Version : Vivado v.2020.1 (win64) Build 2902540 Wed May 27 19:54:49 MDT 2020
| Date         : Wed Oct  7 14:45:56 2020
| Host         : DESKTOP-OMB4GFF running 64-bit major release  (build 9200)
| Command      : upgrade_ip
| Device       : xc7z020clg400-1
------------------------------------------------------------------------------------

Upgrade Log for IP 'base_trace_cntrl_64_0_0'

1. Summary
----------

SUCCESS in the upgrade of base_trace_cntrl_64_0_0 (xilinx.com:hls:trace_cntrl_64:1.4) from (Rev. 2008130918) to (Rev. 2010071212)






Copyright 1986-2020 Xilinx, Inc. All Rights Reserved.
------------------------------------------------------------------------------------
| Tool Version : Vivado v.2020.1 (win64) Build 2902540 Wed May 27 19:54:49 MDT 2020
| Date         : Wed Oct  7 14:45:56 2020
| Host         : DESKTOP-OMB4GFF running 64-bit major release  (build 9200)
| Command      : upgrade_ip
| Device       : xc7z020clg400-1
------------------------------------------------------------------------------------

Upgrade Log for IP 'base_trace_cntrl_32_0_0'

1. Summary
----------

SUCCESS in the upgrade of base_trace_cntrl_32_0_0 (xilinx.com:hls:trace_cntrl_32:1.4) from (Rev. 2008130918) to (Rev. 2010071211)






Copyright 1986-2020 Xilinx, Inc. All Rights Reserved.
------------------------------------------------------------------------------------
| Tool Version : Vivado v.2020.1 (win64) Build 2902540 Wed May 27 19:54:49 MDT 2020
| Date         : Wed Oct  7 14:45:56 2020
| Host         : DESKTOP-OMB4GFF running 64-bit major release  (build 9200)
| Command      : upgrade_ip
| Device       : xc7z020clg400-1
------------------------------------------------------------------------------------

Upgrade Log for IP 'base_pixel_unpack_0'

1. Summary
----------

SUCCESS in the upgrade of base_pixel_unpack_0 (xilinx.com:hls:pixel_unpack:1.0) from (Rev. 2008130917) to (Rev. 2010071208)






Copyright 1986-2020 Xilinx, Inc. All Rights Reserved.
------------------------------------------------------------------------------------
| Tool Version : Vivado v.2020.1 (win64) Build 2902540 Wed May 27 19:54:49 MDT 2020
| Date         : Wed Oct  7 14:45:56 2020
| Host         : DESKTOP-OMB4GFF running 64-bit major release  (build 9200)
| Command      : upgrade_ip
| Device       : xc7z020clg400-1
------------------------------------------------------------------------------------

Upgrade Log for IP 'base_pixel_pack_0'

1. Summary
----------

SUCCESS in the upgrade of base_pixel_pack_0 (xilinx.com:hls:pixel_pack:1.0) from (Rev. 2008130916) to (Rev. 2010071203)






Copyright 1986-2020 Xilinx, Inc. All Rights Reserved.
------------------------------------------------------------------------------------
| Tool Version : Vivado v.2020.1 (win64) Build 2902540 Wed May 27 19:54:49 MDT 2020
| Date         : Wed Oct  7 14:45:56 2020
| Host         : DESKTOP-OMB4GFF running 64-bit major release  (build 9200)
| Command      : upgrade_ip
| Device       : xc7z020clg400-1
------------------------------------------------------------------------------------

Upgrade Log for IP 'base_color_convert_1'

1. Summary
----------

SUCCESS in the upgrade of base_color_convert_1 (xilinx.com:hls:color_convert:1.0) from (Rev. 2008130912) to (Rev. 2010071154)






Copyright 1986-2020 Xilinx, Inc. All Rights Reserved.
------------------------------------------------------------------------------------
| Tool Version : Vivado v.2020.1 (win64) Build 2902540 Wed May 27 19:54:49 MDT 2020
| Date         : Wed Oct  7 14:45:56 2020
| Host         : DESKTOP-OMB4GFF running 64-bit major release  (build 9200)
| Command      : upgrade_ip
| Device       : xc7z020clg400-1
------------------------------------------------------------------------------------

Upgrade Log for IP 'base_color_convert_0'

1. Summary
----------

SUCCESS in the upgrade of base_color_convert_0 (xilinx.com:hls:color_convert:1.0) from (Rev. 2008130912) to (Rev. 2010071154)

